stdio    D         file_stdio.c:110  file_stdio_fopen                 [   0.00000] opening F:\School\Introduction_to_Programming\Final_Project\G37_FInal_Project\allegro5.cfg r
system   D            wsystem.c:874  _al_win_safe_load_library        [   0.00000] PathFindOnPath found: C:\WINDOWS\system32\shcore.dll
system   D            wsystem.c:780  load_library_at_path             [   0.00000] Calling LoadLibrary C:\WINDOWS\system32\shcore.dll
system   I            wsystem.c:783  load_library_at_path             [   0.00000] Loaded C:\WINDOWS\system32\shcore.dll
system   I             system.c:271  al_install_system                [   0.00000] Allegro version: 5.2.7
audio-dsound I           dsound.cpp:271  _dsound_open                     [   0.00020] Starting DirectSound...
audio-dsound D           dsound.cpp:280  _dsound_open                     [   0.01548] DirectSoundCreate8 succeeded
audio-dsound I           dsound.cpp:73   get_window                       [   0.01551] Using desktop window: 000000000001000c
audio    I              audio.c:347  do_install_audio                 [   0.01557] Using DirectSound driver
system   D            wsystem.c:874  _al_win_safe_load_library        [   0.01572] PathFindOnPath found: C:\WINDOWS\system32\d3d9.dll
system   D            wsystem.c:780  load_library_at_path             [   0.01574] Calling LoadLibrary C:\WINDOWS\system32\d3d9.dll
system   I            wsystem.c:783  load_library_at_path             [   0.01672] Loaded C:\WINDOWS\system32\d3d9.dll
d3d      I         d3d_disp.cpp:684  d3d_init_display                 [   0.08860] Render-to-texture: 1
d3d      I         d3d_disp.cpp:1782 d3d_create_display_locked        [   0.08895] faux_fullscreen=0
d3d      D         d3d_disp.cpp:1783 d3d_create_display_locked        [   0.08896] al_display=0000000000f8ccf0
d3d      D         d3d_disp.cpp:1784 d3d_create_display_locked        [   0.08897] al_display->vt=0000000000f8cb80
d3d      I d3d_display_formats.cpp:144  _al_d3d_generate_display_format_list [   0.09068] found 160 format combinations
display  D   display_settings.c:212  debug_display_settings           [   0.09070] color: 32 (rgba 8880), depth: 0, stencil: 0, acc: 0000, samples: 0/0
display  D   display_settings.c:527  _al_score_display_settings       [   0.09071] Score is : 897
display  D   display_settings.c:212  debug_display_settings           [   0.09072] color: 32 (rgba 8880), depth: 0, stencil: 0, acc: 0000, samples: 0/0
display  D   display_settings.c:527  _al_score_display_settings       [   0.09073] Score is : 897
display  D   display_settings.c:212  debug_display_settings           [   0.09074] color: 32 (rgba 8880), depth: 0, stencil: 0, acc: 0000, samples: 2/1
display  D   display_settings.c:527  _al_score_display_settings       [   0.09074] Score is : 726
display  D   display_settings.c:212  debug_display_settings           [   0.09075] color: 32 (rgba 8880), depth: 0, stencil: 0, acc: 0000, samples: 3/1
display  D   display_settings.c:527  _al_score_display_settings       [   0.09076] Score is : 721
display  D   display_settings.c:212  debug_display_settings           [   0.09077] color: 32 (rgba 8880), depth: 0, stencil: 0, acc: 0000, samples: 4/1
display  D   display_settings.c:527  _al_score_display_settings       [   0.09077] Score is : 717
display  D   display_settings.c:212  debug_display_settings           [   0.09078] color: 32 (rgba 8880), depth: 24, stencil: 8, acc: 0000, samples: 0/0
display  D   display_settings.c:527  _al_score_display_settings       [   0.09079] Score is : 897
display  D   display_settings.c:212  debug_display_settings           [   0.09080] color: 32 (rgba 8880), depth: 24, stencil: 8, acc: 0000, samples: 0/0
display  D   display_settings.c:527  _al_score_display_settings       [   0.09080] Score is : 897
display  D   display_settings.c:212  debug_display_settings           [   0.09081] color: 32 (rgba 8880), depth: 24, stencil: 8, acc: 0000, samples: 2/1
display  D   display_settings.c:527  _al_score_display_settings       [   0.09082] Score is : 726
display  D   display_settings.c:212  debug_display_settings           [   0.09083] color: 32 (rgba 8880), depth: 24, stencil: 8, acc: 0000, samples: 3/1
display  D   display_settings.c:527  _al_score_display_settings       [   0.09084] Score is : 721
display  D   display_settings.c:212  debug_display_settings           [   0.09084] color: 32 (rgba 8880), depth: 24, stencil: 8, acc: 0000, samples: 4/1
display  D   display_settings.c:527  _al_score_display_settings       [   0.09085] Score is : 717
display  D   display_settings.c:212  debug_display_settings           [   0.09086] color: 32 (rgba 8880), depth: 24, stencil: 0, acc: 0000, samples: 0/0
display  D   display_settings.c:527  _al_score_display_settings       [   0.09087] Score is : 897
display  D   display_settings.c:212  debug_display_settings           [   0.09087] color: 32 (rgba 8880), depth: 24, stencil: 0, acc: 0000, samples: 0/0
display  D   display_settings.c:527  _al_score_display_settings       [   0.09088] Score is : 897
display  D   display_settings.c:212  debug_display_settings           [   0.09089] color: 32 (rgba 8880), depth: 24, stencil: 0, acc: 0000, samples: 2/1
display  D   display_settings.c:527  _al_score_display_settings       [   0.09090] Score is : 726
display  D   display_settings.c:212  debug_display_settings           [   0.09090] color: 32 (rgba 8880), depth: 24, stencil: 0, acc: 0000, samples: 3/1
display  D   display_settings.c:527  _al_score_display_settings       [   0.09091] Score is : 721
display  D   display_settings.c:212  debug_display_settings           [   0.09092] color: 32 (rgba 8880), depth: 24, stencil: 0, acc: 0000, samples: 4/1
display  D   display_settings.c:527  _al_score_display_settings       [   0.09093] Score is : 717
display  D   display_settings.c:212  debug_display_settings           [   0.09093] color: 32 (rgba 8880), depth: 16, stencil: 0, acc: 0000, samples: 0/0
display  D   display_settings.c:527  _al_score_display_settings       [   0.09094] Score is : 897
display  D   display_settings.c:212  debug_display_settings           [   0.09095] color: 32 (rgba 8880), depth: 16, stencil: 0, acc: 0000, samples: 0/0
display  D   display_settings.c:527  _al_score_display_settings       [   0.09096] Score is : 897
display  D   display_settings.c:212  debug_display_settings           [   0.09096] color: 32 (rgba 8880), depth: 16, stencil: 0, acc: 0000, samples: 2/1
display  D   display_settings.c:527  _al_score_display_settings       [   0.09097] Score is : 726
display  D   display_settings.c:212  debug_display_settings           [   0.09098] color: 32 (rgba 8880), depth: 16, stencil: 0, acc: 0000, samples: 3/1
display  D   display_settings.c:527  _al_score_display_settings       [   0.09099] Score is : 721
display  D   display_settings.c:212  debug_display_settings           [   0.09099] color: 32 (rgba 8880), depth: 16, stencil: 0, acc: 0000, samples: 4/1
display  D   display_settings.c:527  _al_score_display_settings       [   0.09100] Score is : 717
display  D   display_settings.c:212  debug_display_settings           [   0.09101] color: 16 (rgba 5650), depth: 0, stencil: 0, acc: 0000, samples: 0/0
display  D   display_settings.c:527  _al_score_display_settings       [   0.09101] Score is : 897
display  D   display_settings.c:212  debug_display_settings           [   0.09102] color: 16 (rgba 5650), depth: 0, stencil: 0, acc: 0000, samples: 0/0
display  D   display_settings.c:527  _al_score_display_settings       [   0.09103] Score is : 897
display  D   display_settings.c:212  debug_display_settings           [   0.09104] color: 16 (rgba 5650), depth: 0, stencil: 0, acc: 0000, samples: 2/1
display  D   display_settings.c:527  _al_score_display_settings       [   0.09104] Score is : 726
display  D   display_settings.c:212  debug_display_settings           [   0.09105] color: 16 (rgba 5650), depth: 0, stencil: 0, acc: 0000, samples: 3/1
display  D   display_settings.c:527  _al_score_display_settings       [   0.09106] Score is : 721
display  D   display_settings.c:212  debug_display_settings           [   0.09106] color: 16 (rgba 5650), depth: 0, stencil: 0, acc: 0000, samples: 4/1
display  D   display_settings.c:527  _al_score_display_settings       [   0.09107] Score is : 717
display  D   display_settings.c:212  debug_display_settings           [   0.09108] color: 16 (rgba 5650), depth: 24, stencil: 8, acc: 0000, samples: 0/0
display  D   display_settings.c:527  _al_score_display_settings       [   0.09109] Score is : 897
display  D   display_settings.c:212  debug_display_settings           [   0.09110] color: 16 (rgba 5650), depth: 24, stencil: 8, acc: 0000, samples: 0/0
display  D   display_settings.c:527  _al_score_display_settings       [   0.09110] Score is : 897
display  D   display_settings.c:212  debug_display_settings           [   0.09111] color: 16 (rgba 5650), depth: 24, stencil: 8, acc: 0000, samples: 2/1
display  D   display_settings.c:527  _al_score_display_settings       [   0.09112] Score is : 726
display  D   display_settings.c:212  debug_display_settings           [   0.09112] color: 16 (rgba 5650), depth: 24, stencil: 8, acc: 0000, samples: 3/1
display  D   display_settings.c:527  _al_score_display_settings       [   0.09113] Score is : 721
display  D   display_settings.c:212  debug_display_settings           [   0.09114] color: 16 (rgba 5650), depth: 24, stencil: 8, acc: 0000, samples: 4/1
display  D   display_settings.c:527  _al_score_display_settings       [   0.09115] Score is : 717
display  D   display_settings.c:212  debug_display_settings           [   0.09115] color: 16 (rgba 5650), depth: 24, stencil: 0, acc: 0000, samples: 0/0
display  D   display_settings.c:527  _al_score_display_settings       [   0.09116] Score is : 897
display  D   display_settings.c:212  debug_display_settings           [   0.09117] color: 16 (rgba 5650), depth: 24, stencil: 0, acc: 0000, samples: 0/0
display  D   display_settings.c:527  _al_score_display_settings       [   0.09118] Score is : 897
display  D   display_settings.c:212  debug_display_settings           [   0.09118] color: 16 (rgba 5650), depth: 24, stencil: 0, acc: 0000, samples: 2/1
display  D   display_settings.c:527  _al_score_display_settings       [   0.09119] Score is : 726
display  D   display_settings.c:212  debug_display_settings           [   0.09120] color: 16 (rgba 5650), depth: 24, stencil: 0, acc: 0000, samples: 3/1
display  D   display_settings.c:527  _al_score_display_settings       [   0.09120] Score is : 721
display  D   display_settings.c:212  debug_display_settings           [   0.09121] color: 16 (rgba 5650), depth: 24, stencil: 0, acc: 0000, samples: 4/1
display  D   display_settings.c:527  _al_score_display_settings       [   0.09122] Score is : 717
display  D   display_settings.c:212  debug_display_settings           [   0.09123] color: 16 (rgba 5650), depth: 16, stencil: 0, acc: 0000, samples: 0/0
display  D   display_settings.c:527  _al_score_display_settings       [   0.09123] Score is : 897
display  D   display_settings.c:212  debug_display_settings           [   0.09124] color: 16 (rgba 5650), depth: 16, stencil: 0, acc: 0000, samples: 0/0
display  D   display_settings.c:527  _al_score_display_settings       [   0.09125] Score is : 897
display  D   display_settings.c:212  debug_display_settings           [   0.09125] color: 16 (rgba 5650), depth: 16, stencil: 0, acc: 0000, samples: 2/1
display  D   display_settings.c:527  _al_score_display_settings       [   0.09126] Score is : 726
display  D   display_settings.c:212  debug_display_settings           [   0.09127] color: 16 (rgba 5650), depth: 16, stencil: 0, acc: 0000, samples: 3/1
display  D   display_settings.c:527  _al_score_display_settings       [   0.09128] Score is : 721
display  D   display_settings.c:212  debug_display_settings           [   0.09128] color: 16 (rgba 5650), depth: 16, stencil: 0, acc: 0000, samples: 4/1
display  D   display_settings.c:527  _al_score_display_settings       [   0.09129] Score is : 717
display  D   display_settings.c:212  debug_display_settings           [   0.09130] color: 32 (rgba 8880), depth: 0, stencil: 0, acc: 0000, samples: 0/0
display  D   display_settings.c:398  _al_score_display_settings       [   0.09131] Single Buffer requirement not met.
display  D   display_settings.c:212  debug_display_settings           [   0.09132] color: 32 (rgba 8880), depth: 0, stencil: 0, acc: 0000, samples: 0/0
display  D   display_settings.c:398  _al_score_display_settings       [   0.09132] Single Buffer requirement not met.
display  D   display_settings.c:212  debug_display_settings           [   0.09133] color: 32 (rgba 8880), depth: 0, stencil: 0, acc: 0000, samples: 2/1
display  D   display_settings.c:398  _al_score_display_settings       [   0.09134] Single Buffer requirement not met.
display  D   display_settings.c:212  debug_display_settings           [   0.09135] color: 32 (rgba 8880), depth: 0, stencil: 0, acc: 0000, samples: 3/1
display  D   display_settings.c:398  _al_score_display_settings       [   0.09135] Single Buffer requirement not met.
display  D   display_settings.c:212  debug_display_settings           [   0.09136] color: 32 (rgba 8880), depth: 0, stencil: 0, acc: 0000, samples: 4/1
display  D   display_settings.c:398  _al_score_display_settings       [   0.09137] Single Buffer requirement not met.
display  D   display_settings.c:212  debug_display_settings           [   0.09138] color: 32 (rgba 8880), depth: 24, stencil: 8, acc: 0000, samples: 0/0
display  D   display_settings.c:398  _al_score_display_settings       [   0.09138] Single Buffer requirement not met.
display  D   display_settings.c:212  debug_display_settings           [   0.09139] color: 32 (rgba 8880), depth: 24, stencil: 8, acc: 0000, samples: 0/0
display  D   display_settings.c:398  _al_score_display_settings       [   0.09140] Single Buffer requirement not met.
display  D   display_settings.c:212  debug_display_settings           [   0.09141] color: 32 (rgba 8880), depth: 24, stencil: 8, acc: 0000, samples: 2/1
display  D   display_settings.c:398  _al_score_display_settings       [   0.09141] Single Buffer requirement not met.
display  D   display_settings.c:212  debug_display_settings           [   0.09142] color: 32 (rgba 8880), depth: 24, stencil: 8, acc: 0000, samples: 3/1
display  D   display_settings.c:398  _al_score_display_settings       [   0.09143] Single Buffer requirement not met.
display  D   display_settings.c:212  debug_display_settings           [   0.09143] color: 32 (rgba 8880), depth: 24, stencil: 8, acc: 0000, samples: 4/1
display  D   display_settings.c:398  _al_score_display_settings       [   0.09144] Single Buffer requirement not met.
display  D   display_settings.c:212  debug_display_settings           [   0.09145] color: 32 (rgba 8880), depth: 24, stencil: 0, acc: 0000, samples: 0/0
display  D   display_settings.c:398  _al_score_display_settings       [   0.09146] Single Buffer requirement not met.
display  D   display_settings.c:212  debug_display_settings           [   0.09146] color: 32 (rgba 8880), depth: 24, stencil: 0, acc: 0000, samples: 0/0
display  D   display_settings.c:398  _al_score_display_settings       [   0.09147] Single Buffer requirement not met.
display  D   display_settings.c:212  debug_display_settings           [   0.09148] color: 32 (rgba 8880), depth: 24, stencil: 0, acc: 0000, samples: 2/1
display  D   display_settings.c:398  _al_score_display_settings       [   0.09149] Single Buffer requirement not met.
display  D   display_settings.c:212  debug_display_settings           [   0.09149] color: 32 (rgba 8880), depth: 24, stencil: 0, acc: 0000, samples: 3/1
display  D   display_settings.c:398  _al_score_display_settings       [   0.09150] Single Buffer requirement not met.
display  D   display_settings.c:212  debug_display_settings           [   0.09151] color: 32 (rgba 8880), depth: 24, stencil: 0, acc: 0000, samples: 4/1
display  D   display_settings.c:398  _al_score_display_settings       [   0.09152] Single Buffer requirement not met.
display  D   display_settings.c:212  debug_display_settings           [   0.09152] color: 32 (rgba 8880), depth: 16, stencil: 0, acc: 0000, samples: 0/0
display  D   display_settings.c:398  _al_score_display_settings       [   0.09153] Single Buffer requirement not met.
display  D   display_settings.c:212  debug_display_settings           [   0.09154] color: 32 (rgba 8880), depth: 16, stencil: 0, acc: 0000, samples: 0/0
display  D   display_settings.c:398  _al_score_display_settings       [   0.09155] Single Buffer requirement not met.
display  D   display_settings.c:212  debug_display_settings           [   0.09156] color: 32 (rgba 8880), depth: 16, stencil: 0, acc: 0000, samples: 2/1
display  D   display_settings.c:398  _al_score_display_settings       [   0.09157] Single Buffer requirement not met.
display  D   display_settings.c:212  debug_display_settings           [   0.09158] color: 32 (rgba 8880), depth: 16, stencil: 0, acc: 0000, samples: 3/1
display  D   display_settings.c:398  _al_score_display_settings       [   0.09158] Single Buffer requirement not met.
display  D   display_settings.c:212  debug_display_settings           [   0.09159] color: 32 (rgba 8880), depth: 16, stencil: 0, acc: 0000, samples: 4/1
display  D   display_settings.c:398  _al_score_display_settings       [   0.09160] Single Buffer requirement not met.
display  D   display_settings.c:212  debug_display_settings           [   0.09161] color: 16 (rgba 5650), depth: 0, stencil: 0, acc: 0000, samples: 0/0
display  D   display_settings.c:398  _al_score_display_settings       [   0.09161] Single Buffer requirement not met.
display  D   display_settings.c:212  debug_display_settings           [   0.09162] color: 16 (rgba 5650), depth: 0, stencil: 0, acc: 0000, samples: 0/0
display  D   display_settings.c:398  _al_score_display_settings       [   0.09164] Single Buffer requirement not met.
display  D   display_settings.c:212  debug_display_settings           [   0.09164] color: 16 (rgba 5650), depth: 0, stencil: 0, acc: 0000, samples: 2/1
display  D   display_settings.c:398  _al_score_display_settings       [   0.09165] Single Buffer requirement not met.
display  D   display_settings.c:212  debug_display_settings           [   0.09166] color: 16 (rgba 5650), depth: 0, stencil: 0, acc: 0000, samples: 3/1
display  D   display_settings.c:398  _al_score_display_settings       [   0.09167] Single Buffer requirement not met.
display  D   display_settings.c:212  debug_display_settings           [   0.09167] color: 16 (rgba 5650), depth: 0, stencil: 0, acc: 0000, samples: 4/1
display  D   display_settings.c:398  _al_score_display_settings       [   0.09168] Single Buffer requirement not met.
display  D   display_settings.c:212  debug_display_settings           [   0.09169] color: 16 (rgba 5650), depth: 24, stencil: 8, acc: 0000, samples: 0/0
display  D   display_settings.c:398  _al_score_display_settings       [   0.09170] Single Buffer requirement not met.
display  D   display_settings.c:212  debug_display_settings           [   0.09170] color: 16 (rgba 5650), depth: 24, stencil: 8, acc: 0000, samples: 0/0
display  D   display_settings.c:398  _al_score_display_settings       [   0.09171] Single Buffer requirement not met.
display  D   display_settings.c:212  debug_display_settings           [   0.09172] color: 16 (rgba 5650), depth: 24, stencil: 8, acc: 0000, samples: 2/1
display  D   display_settings.c:398  _al_score_display_settings       [   0.09173] Single Buffer requirement not met.
display  D   display_settings.c:212  debug_display_settings           [   0.09173] color: 16 (rgba 5650), depth: 24, stencil: 8, acc: 0000, samples: 3/1
display  D   display_settings.c:398  _al_score_display_settings       [   0.09174] Single Buffer requirement not met.
display  D   display_settings.c:212  debug_display_settings           [   0.09175] color: 16 (rgba 5650), depth: 24, stencil: 8, acc: 0000, samples: 4/1
display  D   display_settings.c:398  _al_score_display_settings       [   0.09176] Single Buffer requirement not met.
display  D   display_settings.c:212  debug_display_settings           [   0.09176] color: 16 (rgba 5650), depth: 24, stencil: 0, acc: 0000, samples: 0/0
display  D   display_settings.c:398  _al_score_display_settings       [   0.09177] Single Buffer requirement not met.
display  D   display_settings.c:212  debug_display_settings           [   0.09178] color: 16 (rgba 5650), depth: 24, stencil: 0, acc: 0000, samples: 0/0
display  D   display_settings.c:398  _al_score_display_settings       [   0.09179] Single Buffer requirement not met.
display  D   display_settings.c:212  debug_display_settings           [   0.09179] color: 16 (rgba 5650), depth: 24, stencil: 0, acc: 0000, samples: 2/1
display  D   display_settings.c:398  _al_score_display_settings       [   0.09180] Single Buffer requirement not met.
display  D   display_settings.c:212  debug_display_settings           [   0.09181] color: 16 (rgba 5650), depth: 24, stencil: 0, acc: 0000, samples: 3/1
display  D   display_settings.c:398  _al_score_display_settings       [   0.09182] Single Buffer requirement not met.
display  D   display_settings.c:212  debug_display_settings           [   0.09182] color: 16 (rgba 5650), depth: 24, stencil: 0, acc: 0000, samples: 4/1
display  D   display_settings.c:398  _al_score_display_settings       [   0.09183] Single Buffer requirement not met.
display  D   display_settings.c:212  debug_display_settings           [   0.09184] color: 16 (rgba 5650), depth: 16, stencil: 0, acc: 0000, samples: 0/0
display  D   display_settings.c:398  _al_score_display_settings       [   0.09185] Single Buffer requirement not met.
display  D   display_settings.c:212  debug_display_settings           [   0.09185] color: 16 (rgba 5650), depth: 16, stencil: 0, acc: 0000, samples: 0/0
display  D   display_settings.c:398  _al_score_display_settings       [   0.09186] Single Buffer requirement not met.
display  D   display_settings.c:212  debug_display_settings           [   0.09187] color: 16 (rgba 5650), depth: 16, stencil: 0, acc: 0000, samples: 2/1
display  D   display_settings.c:398  _al_score_display_settings       [   0.09188] Single Buffer requirement not met.
display  D   display_settings.c:212  debug_display_settings           [   0.09188] color: 16 (rgba 5650), depth: 16, stencil: 0, acc: 0000, samples: 3/1
display  D   display_settings.c:398  _al_score_display_settings       [   0.09189] Single Buffer requirement not met.
display  D   display_settings.c:212  debug_display_settings           [   0.09190] color: 16 (rgba 5650), depth: 16, stencil: 0, acc: 0000, samples: 4/1
display  D   display_settings.c:398  _al_score_display_settings       [   0.09191] Single Buffer requirement not met.
display  D   display_settings.c:212  debug_display_settings           [   0.09191] color: 32 (rgba 8880), depth: 0, stencil: 0, acc: 0000, samples: 0/0
display  D   display_settings.c:527  _al_score_display_settings       [   0.09192] Score is : 769
display  D   display_settings.c:212  debug_display_settings           [   0.09193] color: 32 (rgba 8880), depth: 0, stencil: 0, acc: 0000, samples: 0/0
display  D   display_settings.c:527  _al_score_display_settings       [   0.09194] Score is : 769
display  D   display_settings.c:212  debug_display_settings           [   0.09194] color: 32 (rgba 8880), depth: 0, stencil: 0, acc: 0000, samples: 2/1
display  D   display_settings.c:527  _al_score_display_settings       [   0.09195] Score is : 598
display  D   display_settings.c:212  debug_display_settings           [   0.09196] color: 32 (rgba 8880), depth: 0, stencil: 0, acc: 0000, samples: 3/1
display  D   display_settings.c:527  _al_score_display_settings       [   0.09196] Score is : 593
display  D   display_settings.c:212  debug_display_settings           [   0.09197] color: 32 (rgba 8880), depth: 0, stencil: 0, acc: 0000, samples: 4/1
display  D   display_settings.c:527  _al_score_display_settings       [   0.09198] Score is : 589
display  D   display_settings.c:212  debug_display_settings           [   0.09199] color: 32 (rgba 8880), depth: 24, stencil: 8, acc: 0000, samples: 0/0
display  D   display_settings.c:527  _al_score_display_settings       [   0.09199] Score is : 769
display  D   display_settings.c:212  debug_display_settings           [   0.09200] color: 32 (rgba 8880), depth: 24, stencil: 8, acc: 0000, samples: 0/0
display  D   display_settings.c:527  _al_score_display_settings       [   0.09201] Score is : 769
display  D   display_settings.c:212  debug_display_settings           [   0.09202] color: 32 (rgba 8880), depth: 24, stencil: 8, acc: 0000, samples: 2/1
display  D   display_settings.c:527  _al_score_display_settings       [   0.09202] Score is : 598
display  D   display_settings.c:212  debug_display_settings           [   0.09203] color: 32 (rgba 8880), depth: 24, stencil: 8, acc: 0000, samples: 3/1
display  D   display_settings.c:527  _al_score_display_settings       [   0.09204] Score is : 593
display  D   display_settings.c:212  debug_display_settings           [   0.09204] color: 32 (rgba 8880), depth: 24, stencil: 8, acc: 0000, samples: 4/1
display  D   display_settings.c:527  _al_score_display_settings       [   0.09205] Score is : 589
display  D   display_settings.c:212  debug_display_settings           [   0.09206] color: 32 (rgba 8880), depth: 24, stencil: 0, acc: 0000, samples: 0/0
display  D   display_settings.c:527  _al_score_display_settings       [   0.09207] Score is : 769
display  D   display_settings.c:212  debug_display_settings           [   0.09207] color: 32 (rgba 8880), depth: 24, stencil: 0, acc: 0000, samples: 0/0
display  D   display_settings.c:527  _al_score_display_settings       [   0.09208] Score is : 769
display  D   display_settings.c:212  debug_display_settings           [   0.09209] color: 32 (rgba 8880), depth: 24, stencil: 0, acc: 0000, samples: 2/1
display  D   display_settings.c:527  _al_score_display_settings       [   0.09210] Score is : 598
display  D   display_settings.c:212  debug_display_settings           [   0.09210] color: 32 (rgba 8880), depth: 24, stencil: 0, acc: 0000, samples: 3/1
display  D   display_settings.c:527  _al_score_display_settings       [   0.09211] Score is : 593
display  D   display_settings.c:212  debug_display_settings           [   0.09212] color: 32 (rgba 8880), depth: 24, stencil: 0, acc: 0000, samples: 4/1
display  D   display_settings.c:527  _al_score_display_settings       [   0.09212] Score is : 589
display  D   display_settings.c:212  debug_display_settings           [   0.09213] color: 32 (rgba 8880), depth: 16, stencil: 0, acc: 0000, samples: 0/0
display  D   display_settings.c:527  _al_score_display_settings       [   0.09214] Score is : 769
display  D   display_settings.c:212  debug_display_settings           [   0.09215] color: 32 (rgba 8880), depth: 16, stencil: 0, acc: 0000, samples: 0/0
display  D   display_settings.c:527  _al_score_display_settings       [   0.09215] Score is : 769
display  D   display_settings.c:212  debug_display_settings           [   0.09216] color: 32 (rgba 8880), depth: 16, stencil: 0, acc: 0000, samples: 2/1
display  D   display_settings.c:527  _al_score_display_settings       [   0.09217] Score is : 598
display  D   display_settings.c:212  debug_display_settings           [   0.09217] color: 32 (rgba 8880), depth: 16, stencil: 0, acc: 0000, samples: 3/1
display  D   display_settings.c:527  _al_score_display_settings       [   0.09218] Score is : 593
display  D   display_settings.c:212  debug_display_settings           [   0.09219] color: 32 (rgba 8880), depth: 16, stencil: 0, acc: 0000, samples: 4/1
display  D   display_settings.c:527  _al_score_display_settings       [   0.09220] Score is : 589
display  D   display_settings.c:212  debug_display_settings           [   0.09220] color: 16 (rgba 5650), depth: 0, stencil: 0, acc: 0000, samples: 0/0
display  D   display_settings.c:527  _al_score_display_settings       [   0.09221] Score is : 769
display  D   display_settings.c:212  debug_display_settings           [   0.09222] color: 16 (rgba 5650), depth: 0, stencil: 0, acc: 0000, samples: 0/0
display  D   display_settings.c:527  _al_score_display_settings       [   0.09223] Score is : 769
display  D   display_settings.c:212  debug_display_settings           [   0.09223] color: 16 (rgba 5650), depth: 0, stencil: 0, acc: 0000, samples: 2/1
display  D   display_settings.c:527  _al_score_display_settings       [   0.09224] Score is : 598
display  D   display_settings.c:212  debug_display_settings           [   0.09225] color: 16 (rgba 5650), depth: 0, stencil: 0, acc: 0000, samples: 3/1
display  D   display_settings.c:527  _al_score_display_settings       [   0.09226] Score is : 593
display  D   display_settings.c:212  debug_display_settings           [   0.09226] color: 16 (rgba 5650), depth: 0, stencil: 0, acc: 0000, samples: 4/1
display  D   display_settings.c:527  _al_score_display_settings       [   0.09227] Score is : 589
display  D   display_settings.c:212  debug_display_settings           [   0.09228] color: 16 (rgba 5650), depth: 24, stencil: 8, acc: 0000, samples: 0/0
display  D   display_settings.c:527  _al_score_display_settings       [   0.09228] Score is : 769
display  D   display_settings.c:212  debug_display_settings           [   0.09229] color: 16 (rgba 5650), depth: 24, stencil: 8, acc: 0000, samples: 0/0
display  D   display_settings.c:527  _al_score_display_settings       [   0.09230] Score is : 769
display  D   display_settings.c:212  debug_display_settings           [   0.09231] color: 16 (rgba 5650), depth: 24, stencil: 8, acc: 0000, samples: 2/1
display  D   display_settings.c:527  _al_score_display_settings       [   0.09231] Score is : 598
display  D   display_settings.c:212  debug_display_settings           [   0.09232] color: 16 (rgba 5650), depth: 24, stencil: 8, acc: 0000, samples: 3/1
display  D   display_settings.c:527  _al_score_display_settings       [   0.09233] Score is : 593
display  D   display_settings.c:212  debug_display_settings           [   0.09233] color: 16 (rgba 5650), depth: 24, stencil: 8, acc: 0000, samples: 4/1
display  D   display_settings.c:527  _al_score_display_settings       [   0.09234] Score is : 589
display  D   display_settings.c:212  debug_display_settings           [   0.09235] color: 16 (rgba 5650), depth: 24, stencil: 0, acc: 0000, samples: 0/0
display  D   display_settings.c:527  _al_score_display_settings       [   0.09236] Score is : 769
display  D   display_settings.c:212  debug_display_settings           [   0.09236] color: 16 (rgba 5650), depth: 24, stencil: 0, acc: 0000, samples: 0/0
display  D   display_settings.c:527  _al_score_display_settings       [   0.09237] Score is : 769
display  D   display_settings.c:212  debug_display_settings           [   0.09238] color: 16 (rgba 5650), depth: 24, stencil: 0, acc: 0000, samples: 2/1
display  D   display_settings.c:527  _al_score_display_settings       [   0.09239] Score is : 598
display  D   display_settings.c:212  debug_display_settings           [   0.09239] color: 16 (rgba 5650), depth: 24, stencil: 0, acc: 0000, samples: 3/1
display  D   display_settings.c:527  _al_score_display_settings       [   0.09240] Score is : 593
display  D   display_settings.c:212  debug_display_settings           [   0.09241] color: 16 (rgba 5650), depth: 24, stencil: 0, acc: 0000, samples: 4/1
display  D   display_settings.c:527  _al_score_display_settings       [   0.09241] Score is : 589
display  D   display_settings.c:212  debug_display_settings           [   0.09242] color: 16 (rgba 5650), depth: 16, stencil: 0, acc: 0000, samples: 0/0
display  D   display_settings.c:527  _al_score_display_settings       [   0.09243] Score is : 769
display  D   display_settings.c:212  debug_display_settings           [   0.09243] color: 16 (rgba 5650), depth: 16, stencil: 0, acc: 0000, samples: 0/0
display  D   display_settings.c:527  _al_score_display_settings       [   0.09244] Score is : 769
display  D   display_settings.c:212  debug_display_settings           [   0.09245] color: 16 (rgba 5650), depth: 16, stencil: 0, acc: 0000, samples: 2/1
display  D   display_settings.c:527  _al_score_display_settings       [   0.09246] Score is : 598
display  D   display_settings.c:212  debug_display_settings           [   0.09246] color: 16 (rgba 5650), depth: 16, stencil: 0, acc: 0000, samples: 3/1
display  D   display_settings.c:527  _al_score_display_settings       [   0.09247] Score is : 593
display  D   display_settings.c:212  debug_display_settings           [   0.09248] color: 16 (rgba 5650), depth: 16, stencil: 0, acc: 0000, samples: 4/1
display  D   display_settings.c:527  _al_score_display_settings       [   0.09249] Score is : 589
display  D   display_settings.c:212  debug_display_settings           [   0.09249] color: 32 (rgba 8880), depth: 0, stencil: 0, acc: 0000, samples: 0/0
display  D   display_settings.c:398  _al_score_display_settings       [   0.09250] Single Buffer requirement not met.
display  D   display_settings.c:212  debug_display_settings           [   0.09251] color: 32 (rgba 8880), depth: 0, stencil: 0, acc: 0000, samples: 0/0
display  D   display_settings.c:398  _al_score_display_settings       [   0.09252] Single Buffer requirement not met.
display  D   display_settings.c:212  debug_display_settings           [   0.09252] color: 32 (rgba 8880), depth: 0, stencil: 0, acc: 0000, samples: 2/1
display  D   display_settings.c:398  _al_score_display_settings       [   0.09253] Single Buffer requirement not met.
display  D   display_settings.c:212  debug_display_settings           [   0.09254] color: 32 (rgba 8880), depth: 0, stencil: 0, acc: 0000, samples: 3/1
display  D   display_settings.c:398  _al_score_display_settings       [   0.09255] Single Buffer requirement not met.
display  D   display_settings.c:212  debug_display_settings           [   0.09255] color: 32 (rgba 8880), depth: 0, stencil: 0, acc: 0000, samples: 4/1
display  D   display_settings.c:398  _al_score_display_settings       [   0.09256] Single Buffer requirement not met.
display  D   display_settings.c:212  debug_display_settings           [   0.09257] color: 32 (rgba 8880), depth: 24, stencil: 8, acc: 0000, samples: 0/0
display  D   display_settings.c:398  _al_score_display_settings       [   0.09258] Single Buffer requirement not met.
display  D   display_settings.c:212  debug_display_settings           [   0.09258] color: 32 (rgba 8880), depth: 24, stencil: 8, acc: 0000, samples: 0/0
display  D   display_settings.c:398  _al_score_display_settings       [   0.09259] Single Buffer requirement not met.
display  D   display_settings.c:212  debug_display_settings           [   0.09260] color: 32 (rgba 8880), depth: 24, stencil: 8, acc: 0000, samples: 2/1
display  D   display_settings.c:398  _al_score_display_settings       [   0.09261] Single Buffer requirement not met.
display  D   display_settings.c:212  debug_display_settings           [   0.09261] color: 32 (rgba 8880), depth: 24, stencil: 8, acc: 0000, samples: 3/1
display  D   display_settings.c:398  _al_score_display_settings       [   0.09262] Single Buffer requirement not met.
display  D   display_settings.c:212  debug_display_settings           [   0.09263] color: 32 (rgba 8880), depth: 24, stencil: 8, acc: 0000, samples: 4/1
display  D   display_settings.c:398  _al_score_display_settings       [   0.09263] Single Buffer requirement not met.
display  D   display_settings.c:212  debug_display_settings           [   0.09264] color: 32 (rgba 8880), depth: 24, stencil: 0, acc: 0000, samples: 0/0
display  D   display_settings.c:398  _al_score_display_settings       [   0.09265] Single Buffer requirement not met.
display  D   display_settings.c:212  debug_display_settings           [   0.09266] color: 32 (rgba 8880), depth: 24, stencil: 0, acc: 0000, samples: 0/0
display  D   display_settings.c:398  _al_score_display_settings       [   0.09266] Single Buffer requirement not met.
display  D   display_settings.c:212  debug_display_settings           [   0.09267] color: 32 (rgba 8880), depth: 24, stencil: 0, acc: 0000, samples: 2/1
display  D   display_settings.c:398  _al_score_display_settings       [   0.09268] Single Buffer requirement not met.
display  D   display_settings.c:212  debug_display_settings           [   0.09269] color: 32 (rgba 8880), depth: 24, stencil: 0, acc: 0000, samples: 3/1
display  D   display_settings.c:398  _al_score_display_settings       [   0.09269] Single Buffer requirement not met.
display  D   display_settings.c:212  debug_display_settings           [   0.09270] color: 32 (rgba 8880), depth: 24, stencil: 0, acc: 0000, samples: 4/1
display  D   display_settings.c:398  _al_score_display_settings       [   0.09271] Single Buffer requirement not met.
display  D   display_settings.c:212  debug_display_settings           [   0.09272] color: 32 (rgba 8880), depth: 16, stencil: 0, acc: 0000, samples: 0/0
display  D   display_settings.c:398  _al_score_display_settings       [   0.09272] Single Buffer requirement not met.
display  D   display_settings.c:212  debug_display_settings           [   0.09273] color: 32 (rgba 8880), depth: 16, stencil: 0, acc: 0000, samples: 0/0
display  D   display_settings.c:398  _al_score_display_settings       [   0.09274] Single Buffer requirement not met.
display  D   display_settings.c:212  debug_display_settings           [   0.09275] color: 32 (rgba 8880), depth: 16, stencil: 0, acc: 0000, samples: 2/1
display  D   display_settings.c:398  _al_score_display_settings       [   0.09275] Single Buffer requirement not met.
display  D   display_settings.c:212  debug_display_settings           [   0.09276] color: 32 (rgba 8880), depth: 16, stencil: 0, acc: 0000, samples: 3/1
display  D   display_settings.c:398  _al_score_display_settings       [   0.09277] Single Buffer requirement not met.
display  D   display_settings.c:212  debug_display_settings           [   0.09277] color: 32 (rgba 8880), depth: 16, stencil: 0, acc: 0000, samples: 4/1
display  D   display_settings.c:398  _al_score_display_settings       [   0.09278] Single Buffer requirement not met.
display  D   display_settings.c:212  debug_display_settings           [   0.09279] color: 16 (rgba 5650), depth: 0, stencil: 0, acc: 0000, samples: 0/0
display  D   display_settings.c:398  _al_score_display_settings       [   0.09280] Single Buffer requirement not met.
display  D   display_settings.c:212  debug_display_settings           [   0.09280] color: 16 (rgba 5650), depth: 0, stencil: 0, acc: 0000, samples: 0/0
display  D   display_settings.c:398  _al_score_display_settings       [   0.09281] Single Buffer requirement not met.
display  D   display_settings.c:212  debug_display_settings           [   0.09282] color: 16 (rgba 5650), depth: 0, stencil: 0, acc: 0000, samples: 2/1
display  D   display_settings.c:398  _al_score_display_settings       [   0.09283] Single Buffer requirement not met.
display  D   display_settings.c:212  debug_display_settings           [   0.09283] color: 16 (rgba 5650), depth: 0, stencil: 0, acc: 0000, samples: 3/1
display  D   display_settings.c:398  _al_score_display_settings       [   0.09284] Single Buffer requirement not met.
display  D   display_settings.c:212  debug_display_settings           [   0.09285] color: 16 (rgba 5650), depth: 0, stencil: 0, acc: 0000, samples: 4/1
display  D   display_settings.c:398  _al_score_display_settings       [   0.09286] Single Buffer requirement not met.
display  D   display_settings.c:212  debug_display_settings           [   0.09286] color: 16 (rgba 5650), depth: 24, stencil: 8, acc: 0000, samples: 0/0
display  D   display_settings.c:398  _al_score_display_settings       [   0.09287] Single Buffer requirement not met.
display  D   display_settings.c:212  debug_display_settings           [   0.09288] color: 16 (rgba 5650), depth: 24, stencil: 8, acc: 0000, samples: 0/0
display  D   display_settings.c:398  _al_score_display_settings       [   0.09289] Single Buffer requirement not met.
display  D   display_settings.c:212  debug_display_settings           [   0.09289] color: 16 (rgba 5650), depth: 24, stencil: 8, acc: 0000, samples: 2/1
display  D   display_settings.c:398  _al_score_display_settings       [   0.09290] Single Buffer requirement not met.
display  D   display_settings.c:212  debug_display_settings           [   0.09291] color: 16 (rgba 5650), depth: 24, stencil: 8, acc: 0000, samples: 3/1
display  D   display_settings.c:398  _al_score_display_settings       [   0.09292] Single Buffer requirement not met.
display  D   display_settings.c:212  debug_display_settings           [   0.09292] color: 16 (rgba 5650), depth: 24, stencil: 8, acc: 0000, samples: 4/1
display  D   display_settings.c:398  _al_score_display_settings       [   0.09293] Single Buffer requirement not met.
display  D   display_settings.c:212  debug_display_settings           [   0.09294] color: 16 (rgba 5650), depth: 24, stencil: 0, acc: 0000, samples: 0/0
display  D   display_settings.c:398  _al_score_display_settings       [   0.09295] Single Buffer requirement not met.
display  D   display_settings.c:212  debug_display_settings           [   0.09295] color: 16 (rgba 5650), depth: 24, stencil: 0, acc: 0000, samples: 0/0
display  D   display_settings.c:398  _al_score_display_settings       [   0.09296] Single Buffer requirement not met.
display  D   display_settings.c:212  debug_display_settings           [   0.09297] color: 16 (rgba 5650), depth: 24, stencil: 0, acc: 0000, samples: 2/1
display  D   display_settings.c:398  _al_score_display_settings       [   0.09298] Single Buffer requirement not met.
display  D   display_settings.c:212  debug_display_settings           [   0.09298] color: 16 (rgba 5650), depth: 24, stencil: 0, acc: 0000, samples: 3/1
display  D   display_settings.c:398  _al_score_display_settings       [   0.09299] Single Buffer requirement not met.
display  D   display_settings.c:212  debug_display_settings           [   0.09300] color: 16 (rgba 5650), depth: 24, stencil: 0, acc: 0000, samples: 4/1
display  D   display_settings.c:398  _al_score_display_settings       [   0.09301] Single Buffer requirement not met.
display  D   display_settings.c:212  debug_display_settings           [   0.09301] color: 16 (rgba 5650), depth: 16, stencil: 0, acc: 0000, samples: 0/0
display  D   display_settings.c:398  _al_score_display_settings       [   0.09302] Single Buffer requirement not met.
display  D   display_settings.c:212  debug_display_settings           [   0.09303] color: 16 (rgba 5650), depth: 16, stencil: 0, acc: 0000, samples: 0/0
display  D   display_settings.c:398  _al_score_display_settings       [   0.09304] Single Buffer requirement not met.
display  D   display_settings.c:212  debug_display_settings           [   0.09304] color: 16 (rgba 5650), depth: 16, stencil: 0, acc: 0000, samples: 2/1
display  D   display_settings.c:398  _al_score_display_settings       [   0.09305] Single Buffer requirement not met.
display  D   display_settings.c:212  debug_display_settings           [   0.09306] color: 16 (rgba 5650), depth: 16, stencil: 0, acc: 0000, samples: 3/1
display  D   display_settings.c:398  _al_score_display_settings       [   0.09307] Single Buffer requirement not met.
display  D   display_settings.c:212  debug_display_settings           [   0.09307] color: 16 (rgba 5650), depth: 16, stencil: 0, acc: 0000, samples: 4/1
display  D   display_settings.c:398  _al_score_display_settings       [   0.09308] Single Buffer requirement not met.
d3d      D         d3d_disp.cpp:1682 d3d_create_display_internals     [   0.09310] Trying format 0.
d3d      I         d3d_disp.cpp:1358 d3d_display_thread_proc          [   0.09325] Chose a display format: 23
d3d      I         d3d_disp.cpp:1427 d3d_display_thread_proc          [   0.09328] Normal window.
d3d      I         d3d_disp.cpp:791  d3d_create_device                [   0.11720] Using no depth stencil buffer
d3d      D         d3d_disp.cpp:853  d3d_create_device                [   0.18863] BeginScene succeeded in create_device
d3d      D         d3d_disp.cpp:861  d3d_create_device                [   0.18868] Success
d3d      D         d3d_disp.cpp:1705 d3d_create_display_internals     [   0.18870] Resumed after wait.
d3d      I         d3d_disp.cpp:1738 d3d_create_display_internals     [   0.18874] Format 0 succeeded.
d3d      D         d3d_disp.cpp:1769 d3d_create_display_internals     [   0.18876] Returning d3d_display: 0000000000f8ccf0
d3d      D         d3d_disp.cpp:1794 d3d_create_display_locked        [   0.18877] al_display=0000000000f8ccf0
d3d      D         d3d_disp.cpp:1795 d3d_create_display_locked        [   0.18878] al_display->vt=0000000000f8cb80
system   D            wsystem.c:874  _al_win_safe_load_library        [   0.18899] PathFindOnPath found: C:\WINDOWS\system32\d3dx9_43.dll
system   D            wsystem.c:780  load_library_at_path             [   0.18901] Calling LoadLibrary C:\WINDOWS\system32\d3dx9_43.dll
system   I            wsystem.c:783  load_library_at_path             [   0.18934] Loaded C:\WINDOWS\system32\d3dx9_43.dll
d3dx9    I        d3d_d3dx9.cpp:88   _imp_load_d3dx9_module_version   [   0.18937] Module "d3dx9_43.dll" loaded.
stdio    D         file_stdio.c:110  file_stdio_fopen                 [   0.18941] opening assets/font/pirulen.ttf rb
font     D                ttf.c:943  al_load_ttf_font_stretch_f       [   0.18960] Font assets/font/pirulen.ttf loaded with pixel size 0 x 12.
font     D                ttf.c:945  al_load_ttf_font_stretch_f       [   0.18961]     ascent=12.0, descent=-3.0, height=14.0
dtor     D               dtor.c:196  _al_register_destructor          [   0.18962] added dtor for ttf_font 00000000029f2cc0, func 00007ffacb934c05
stdio    D         file_stdio.c:110  file_stdio_fopen                 [   0.18963] opening assets/startframe/tutorial_popup.png rb
stdio    D         file_stdio.c:110  file_stdio_fopen                 [   0.18970] opening assets/startframe/tutorial_popup.png rb
d3d      D         d3d_disp.cpp:1202 real_choose_bitmap_format        [   0.18977] Fake format
d3d      D         d3d_disp.cpp:1202 real_choose_bitmap_format        [   0.18978] Fake format
d3d      D         d3d_disp.cpp:1202 real_choose_bitmap_format        [   0.18979] Fake format
d3d      D         d3d_disp.cpp:1202 real_choose_bitmap_format        [   0.18980] Fake format
d3d      D         d3d_disp.cpp:1202 real_choose_bitmap_format        [   0.18980] Fake format
d3d      D         d3d_disp.cpp:1202 real_choose_bitmap_format        [   0.18981] Fake format
d3d      D         d3d_disp.cpp:1202 real_choose_bitmap_format        [   0.18982] Fake format
d3d      D         d3d_disp.cpp:1202 real_choose_bitmap_format        [   0.18982] Fake format
d3d      D         d3d_disp.cpp:1202 real_choose_bitmap_format        [   0.18983] Fake format
d3d      D         d3d_disp.cpp:1210 real_choose_bitmap_format        [   0.18984] Alpha doesn't match
d3d      D         d3d_disp.cpp:1217 real_choose_bitmap_format        [   0.18984] Adapter format is 23
d3d      D         d3d_disp.cpp:1220 real_choose_bitmap_format        [   0.18985] Found a format
d3d      I         d3d_disp.cpp:2391 d3d_create_bitmap                [   0.18986] Chose bitmap format 9
dtor     D               dtor.c:196  _al_register_destructor          [   0.19038] added dtor for bitmap 00000000029ffaf0, func 00007ffacb811bea
stdio    D         file_stdio.c:110  file_stdio_fopen                 [   0.21592] opening assets/startframe/startframe_bg.jpg rb
stdio    D         file_stdio.c:110  file_stdio_fopen                 [   0.21604] opening assets/startframe/startframe_bg.jpg rb
d3d      D         d3d_disp.cpp:1202 real_choose_bitmap_format        [   0.21616] Fake format
d3d      D         d3d_disp.cpp:1202 real_choose_bitmap_format        [   0.21617] Fake format
d3d      D         d3d_disp.cpp:1202 real_choose_bitmap_format        [   0.21618] Fake format
d3d      D         d3d_disp.cpp:1202 real_choose_bitmap_format        [   0.21619] Fake format
d3d      D         d3d_disp.cpp:1202 real_choose_bitmap_format        [   0.21619] Fake format
d3d      D         d3d_disp.cpp:1202 real_choose_bitmap_format        [   0.21620] Fake format
d3d      D         d3d_disp.cpp:1202 real_choose_bitmap_format        [   0.21621] Fake format
d3d      D         d3d_disp.cpp:1202 real_choose_bitmap_format        [   0.21621] Fake format
d3d      D         d3d_disp.cpp:1202 real_choose_bitmap_format        [   0.21622] Fake format
d3d      D         d3d_disp.cpp:1210 real_choose_bitmap_format        [   0.21623] Alpha doesn't match
d3d      D         d3d_disp.cpp:1217 real_choose_bitmap_format        [   0.21624] Adapter format is 23
d3d      D         d3d_disp.cpp:1220 real_choose_bitmap_format        [   0.21625] Found a format
d3d      I         d3d_disp.cpp:2391 d3d_create_bitmap                [   0.21625] Chose bitmap format 9
dtor     D               dtor.c:196  _al_register_destructor          [   0.21708] added dtor for bitmap 00000000029ff830, func 00007ffacb811bea
stdio    D         file_stdio.c:110  file_stdio_fopen                 [   0.22843] opening assets/startframe/trump.png rb
stdio    D         file_stdio.c:110  file_stdio_fopen                 [   0.22856] opening assets/startframe/trump.png rb
d3d      D         d3d_disp.cpp:1202 real_choose_bitmap_format        [   0.22861] Fake format
d3d      D         d3d_disp.cpp:1202 real_choose_bitmap_format        [   0.22862] Fake format
d3d      D         d3d_disp.cpp:1202 real_choose_bitmap_format        [   0.22863] Fake format
d3d      D         d3d_disp.cpp:1202 real_choose_bitmap_format        [   0.22864] Fake format
d3d      D         d3d_disp.cpp:1202 real_choose_bitmap_format        [   0.22864] Fake format
d3d      D         d3d_disp.cpp:1202 real_choose_bitmap_format        [   0.22865] Fake format
d3d      D         d3d_disp.cpp:1202 real_choose_bitmap_format        [   0.22866] Fake format
d3d      D         d3d_disp.cpp:1202 real_choose_bitmap_format        [   0.22866] Fake format
d3d      D         d3d_disp.cpp:1202 real_choose_bitmap_format        [   0.22867] Fake format
d3d      D         d3d_disp.cpp:1210 real_choose_bitmap_format        [   0.22868] Alpha doesn't match
d3d      D         d3d_disp.cpp:1217 real_choose_bitmap_format        [   0.22868] Adapter format is 23
d3d      D         d3d_disp.cpp:1220 real_choose_bitmap_format        [   0.22869] Found a format
d3d      I         d3d_disp.cpp:2391 d3d_create_bitmap                [   0.22870] Chose bitmap format 9
dtor     D               dtor.c:196  _al_register_destructor          [   0.23022] added dtor for bitmap 00000000029fe490, func 00007ffacb811bea
stdio    D         file_stdio.c:110  file_stdio_fopen                 [   0.23591] opening assets/startframe/jinping.png rb
stdio    D         file_stdio.c:110  file_stdio_fopen                 [   0.23603] opening assets/startframe/jinping.png rb
d3d      D         d3d_disp.cpp:1202 real_choose_bitmap_format        [   0.23609] Fake format
d3d      D         d3d_disp.cpp:1202 real_choose_bitmap_format        [   0.23610] Fake format
d3d      D         d3d_disp.cpp:1202 real_choose_bitmap_format        [   0.23611] Fake format
d3d      D         d3d_disp.cpp:1202 real_choose_bitmap_format        [   0.23612] Fake format
d3d      D         d3d_disp.cpp:1202 real_choose_bitmap_format        [   0.23612] Fake format
d3d      D         d3d_disp.cpp:1202 real_choose_bitmap_format        [   0.23613] Fake format
d3d      D         d3d_disp.cpp:1202 real_choose_bitmap_format        [   0.23614] Fake format
d3d      D         d3d_disp.cpp:1202 real_choose_bitmap_format        [   0.23614] Fake format
d3d      D         d3d_disp.cpp:1202 real_choose_bitmap_format        [   0.23615] Fake format
d3d      D         d3d_disp.cpp:1210 real_choose_bitmap_format        [   0.23616] Alpha doesn't match
d3d      D         d3d_disp.cpp:1217 real_choose_bitmap_format        [   0.23616] Adapter format is 23
d3d      D         d3d_disp.cpp:1220 real_choose_bitmap_format        [   0.23617] Found a format
d3d      I         d3d_disp.cpp:2391 d3d_create_bitmap                [   0.23618] Chose bitmap format 9
dtor     D               dtor.c:196  _al_register_destructor          [   0.23649] added dtor for bitmap 00000000029fb8b0, func 00007ffacb811bea
stdio    D         file_stdio.c:110  file_stdio_fopen                 [   0.24313] opening assets/startframe/guodong.png rb
stdio    D         file_stdio.c:110  file_stdio_fopen                 [   0.24323] opening assets/startframe/guodong.png rb
d3d      D         d3d_disp.cpp:1202 real_choose_bitmap_format        [   0.24329] Fake format
d3d      D         d3d_disp.cpp:1202 real_choose_bitmap_format        [   0.24330] Fake format
d3d      D         d3d_disp.cpp:1202 real_choose_bitmap_format        [   0.24330] Fake format
d3d      D         d3d_disp.cpp:1202 real_choose_bitmap_format        [   0.24331] Fake format
d3d      D         d3d_disp.cpp:1202 real_choose_bitmap_format        [   0.24332] Fake format
d3d      D         d3d_disp.cpp:1202 real_choose_bitmap_format        [   0.24333] Fake format
d3d      D         d3d_disp.cpp:1202 real_choose_bitmap_format        [   0.24333] Fake format
d3d      D         d3d_disp.cpp:1202 real_choose_bitmap_format        [   0.24334] Fake format
d3d      D         d3d_disp.cpp:1202 real_choose_bitmap_format        [   0.24334] Fake format
d3d      D         d3d_disp.cpp:1210 real_choose_bitmap_format        [   0.24335] Alpha doesn't match
d3d      D         d3d_disp.cpp:1217 real_choose_bitmap_format        [   0.24336] Adapter format is 23
d3d      D         d3d_disp.cpp:1220 real_choose_bitmap_format        [   0.24337] Found a format
d3d      I         d3d_disp.cpp:2391 d3d_create_bitmap                [   0.24337] Chose bitmap format 9
dtor     D               dtor.c:196  _al_register_destructor          [   0.24367] added dtor for bitmap 00000000029fa940, func 00007ffacb811bea
stdio    D         file_stdio.c:110  file_stdio_fopen                 [   0.24715] opening assets/sound/theme_song.mp3 rb
dtor     D               dtor.c:196  _al_register_destructor          [   0.55380] added dtor for sample 00000000029f2ab0, func 00007ffacb941a1d
audio-dsound D           dsound.cpp:311  _dsound_allocate_voice           [   0.55389] Allocating voice
audio-dsound D           dsound.cpp:370  _dsound_allocate_voice           [   0.55390] Allocated voice
dtor     D               dtor.c:196  _al_register_destructor          [   0.55391] added dtor for voice 0000000002a0b020, func 00007ffacb945024
dtor     D               dtor.c:196  _al_register_destructor          [   0.55392] added dtor for mixer 00000000029fa420, func 00007ffacb9404dc
audio-dsound D           dsound.cpp:466  _dsound_start_voice              [   0.55393] Starting voice
audio-dsound D           dsound.cpp:494  _dsound_start_voice              [   0.55394] CreateSoundBuffer
audio-dsound D           dsound.cpp:502  _dsound_start_voice              [   0.55522] CreateSoundBuffer succeeded
audio-dsound D           dsound.cpp:508  _dsound_start_voice              [   0.55525] Starting _dsound_update thread
audio-dsound I           dsound.cpp:518  _dsound_start_voice              [   0.55530] Voice started
dtor     D               dtor.c:196  _al_register_destructor          [   0.55531] added dtor for sample_instance 00000000029fa660, func 00007ffacb93929b
audio    D          kcm_mixer.c:121  _al_rechannel_matrix             [   0.55533] sample matrix:
audio    D          kcm_mixer.c:127  _al_rechannel_matrix             [   0.55533] 
audio    D          kcm_mixer.c:127  _al_rechannel_matrix             [   0.55534] 
dtor     D               dtor.c:196  _al_register_destructor          [   0.55535] added dtor for sample_instance 00000000029fa780, func 00007ffacb93929b
audio    D          kcm_mixer.c:121  _al_rechannel_matrix             [   0.55536] sample matrix:
audio    D          kcm_mixer.c:127  _al_rechannel_matrix             [   0.55536] 
audio    D          kcm_mixer.c:127  _al_rechannel_matrix             [   0.55537] 
dtor     D               dtor.c:196  _al_register_destructor          [   0.55538] added dtor for sample_instance 00000000029fb1a0, func 00007ffacb93929b
audio    D          kcm_mixer.c:121  _al_rechannel_matrix             [   0.55539] sample matrix:
audio    D          kcm_mixer.c:127  _al_rechannel_matrix             [   0.55539] 
audio    D          kcm_mixer.c:127  _al_rechannel_matrix             [   0.55540] 
dtor     D               dtor.c:196  _al_register_destructor          [   0.55541] added dtor for sample_instance 00000000029fb2c0, func 00007ffacb93929b
audio    D          kcm_mixer.c:121  _al_rechannel_matrix             [   0.55542] sample matrix:
audio    D          kcm_mixer.c:127  _al_rechannel_matrix             [   0.55543] 
audio    D          kcm_mixer.c:127  _al_rechannel_matrix             [   0.55544] 
dtor     D               dtor.c:196  _al_register_destructor          [   0.55544] added dtor for sample_instance 00000000029faaf0, func 00007ffacb93929b
audio    D          kcm_mixer.c:121  _al_rechannel_matrix             [   0.55550] sample matrix:
audio    D          kcm_mixer.c:127  _al_rechannel_matrix             [   0.55553] 
audio    D          kcm_mixer.c:127  _al_rechannel_matrix             [   0.55554] 
dtor     D               dtor.c:196  _al_register_destructor          [   0.55555] added dtor for sample_instance 00000000029fac10, func 00007ffacb93929b
audio    D          kcm_mixer.c:121  _al_rechannel_matrix             [   0.55556] sample matrix:
audio    D          kcm_mixer.c:127  _al_rechannel_matrix             [   0.55557] 
audio    D          kcm_mixer.c:127  _al_rechannel_matrix             [   0.55558] 
dtor     D               dtor.c:196  _al_register_destructor          [   0.55559] added dtor for sample_instance 00000000029fad30, func 00007ffacb93929b
audio    D          kcm_mixer.c:121  _al_rechannel_matrix             [   0.55559] sample matrix:
audio    D          kcm_mixer.c:127  _al_rechannel_matrix             [   0.55560] 
audio    D          kcm_mixer.c:127  _al_rechannel_matrix             [   0.55561] 
dtor     D               dtor.c:196  _al_register_destructor          [   0.55561] added dtor for sample_instance 00000000029fb3e0, func 00007ffacb93929b
audio    D          kcm_mixer.c:121  _al_rechannel_matrix             [   0.55562] sample matrix:
audio    D          kcm_mixer.c:127  _al_rechannel_matrix             [   0.55563] 
audio    D          kcm_mixer.c:127  _al_rechannel_matrix             [   0.55564] 
dtor     D               dtor.c:196  _al_register_destructor          [   0.55564] added dtor for sample_instance 00000000029fb610, func 00007ffacb93929b
audio    D          kcm_mixer.c:121  _al_rechannel_matrix             [   0.55565] sample matrix:
audio    D          kcm_mixer.c:127  _al_rechannel_matrix             [   0.55566] 
audio    D          kcm_mixer.c:127  _al_rechannel_matrix             [   0.55567] 
dtor     D               dtor.c:196  _al_register_destructor          [   0.55567] added dtor for sample_instance 00000000029fb730, func 00007ffacb93929b
audio    D          kcm_mixer.c:121  _al_rechannel_matrix             [   0.55568] sample matrix:
audio    D          kcm_mixer.c:127  _al_rechannel_matrix             [   0.55569] 
audio    D          kcm_mixer.c:127  _al_rechannel_matrix             [   0.55570] 
dtor     D               dtor.c:196  _al_register_destructor          [   0.55571] added dtor for sample_instance 00000000029fe640, func 00007ffacb93929b
audio    D          kcm_mixer.c:121  _al_rechannel_matrix             [   0.55572] sample matrix:
audio    D          kcm_mixer.c:127  _al_rechannel_matrix             [   0.55573] 
audio    D          kcm_mixer.c:127  _al_rechannel_matrix             [   0.55573] 
dtor     D               dtor.c:196  _al_register_destructor          [   0.55574] added dtor for sample_instance 00000000029fe760, func 00007ffacb93929b
audio    D          kcm_mixer.c:121  _al_rechannel_matrix             [   0.55575] sample matrix:
audio    D          kcm_mixer.c:127  _al_rechannel_matrix             [   0.55575] 
audio    D          kcm_mixer.c:127  _al_rechannel_matrix             [   0.55576] 
dtor     D               dtor.c:196  _al_register_destructor          [   0.55577] added dtor for sample_instance 00000000029fc180, func 00007ffacb93929b
audio    D          kcm_mixer.c:121  _al_rechannel_matrix             [   0.55578] sample matrix:
audio    D          kcm_mixer.c:127  _al_rechannel_matrix             [   0.55579] 
audio    D          kcm_mixer.c:127  _al_rechannel_matrix             [   0.55579] 
dtor     D               dtor.c:196  _al_register_destructor          [   0.55582] added dtor for sample_instance 00000000029fc3c0, func 00007ffacb93929b
audio    D          kcm_mixer.c:121  _al_rechannel_matrix             [   0.55582] sample matrix:
audio    D          kcm_mixer.c:127  _al_rechannel_matrix             [   0.55583] 
audio    D          kcm_mixer.c:127  _al_rechannel_matrix             [   0.55584] 
dtor     D               dtor.c:196  _al_register_destructor          [   0.55584] added dtor for sample_instance 00000000029fc960, func 00007ffacb93929b
audio    D          kcm_mixer.c:121  _al_rechannel_matrix             [   0.55585] sample matrix:
audio    D          kcm_mixer.c:127  _al_rechannel_matrix             [   0.55586] 
audio    D          kcm_mixer.c:127  _al_rechannel_matrix             [   0.55587] 
dtor     D               dtor.c:196  _al_register_destructor          [   0.55587] added dtor for sample_instance 00000000029fc4e0, func 00007ffacb93929b
audio    D          kcm_mixer.c:121  _al_rechannel_matrix             [   0.55588] sample matrix:
audio    D          kcm_mixer.c:127  _al_rechannel_matrix             [   0.55589] 
audio    D          kcm_mixer.c:127  _al_rechannel_matrix             [   0.55590] 
dtor     D               dtor.c:196  _al_register_destructor          [   0.55590] added dtor for sample_instance 00000000029fc2a0, func 00007ffacb93929b
audio    D          kcm_mixer.c:121  _al_rechannel_matrix             [   0.55591] sample matrix:
audio    D          kcm_mixer.c:127  _al_rechannel_matrix             [   0.55592] 
audio    D          kcm_mixer.c:127  _al_rechannel_matrix             [   0.55592] 
dtor     D               dtor.c:196  _al_register_destructor          [   0.55593] added dtor for sample_instance 00000000029fc600, func 00007ffacb93929b
audio    D          kcm_mixer.c:121  _al_rechannel_matrix             [   0.55594] sample matrix:
audio    D          kcm_mixer.c:127  _al_rechannel_matrix             [   0.55595] 
audio    D          kcm_mixer.c:127  _al_rechannel_matrix             [   0.55596] 
dtor     D               dtor.c:196  _al_register_destructor          [   0.55596] added dtor for sample_instance 00000000029fbf40, func 00007ffacb93929b
audio    D          kcm_mixer.c:121  _al_rechannel_matrix             [   0.55597] sample matrix:
audio    D          kcm_mixer.c:127  _al_rechannel_matrix             [   0.55598] 
audio    D          kcm_mixer.c:127  _al_rechannel_matrix             [   0.55598] 
dtor     D               dtor.c:196  _al_register_destructor          [   0.55599] added dtor for sample_instance 00000000029fbbe0, func 00007ffacb93929b
audio    D          kcm_mixer.c:121  _al_rechannel_matrix             [   0.55600] sample matrix:
audio    D          kcm_mixer.c:127  _al_rechannel_matrix             [   0.55601] 
audio    D          kcm_mixer.c:127  _al_rechannel_matrix             [   0.55601] 
dtor     D               dtor.c:196  _al_register_destructor          [   0.55602] added dtor for sample_instance 00000000029fc720, func 00007ffacb93929b
audio-dsound D           dsound.cpp:528  _dsound_stop_voice               [   0.55603] Stopping voice
audio-dsound D           dsound.cpp:545  _dsound_stop_voice               [   0.55604] Joining thread
audio-dsound D           dsound.cpp:551  _dsound_stop_voice               [   0.57202] Joined thread
audio-dsound D           dsound.cpp:553  _dsound_stop_voice               [   0.57206] Destroying thread
audio-dsound D           dsound.cpp:555  _dsound_stop_voice               [   0.57207] Thread destroyed
audio-dsound D           dsound.cpp:562  _dsound_stop_voice               [   0.57208] Releasing buffer
audio-dsound I           dsound.cpp:566  _dsound_stop_voice               [   0.57209] Voice stopped
audio-dsound D           dsound.cpp:466  _dsound_start_voice              [   0.57210] Starting voice
audio-dsound D           dsound.cpp:494  _dsound_start_voice              [   0.57211] CreateSoundBuffer
audio-dsound D           dsound.cpp:502  _dsound_start_voice              [   0.57217] CreateSoundBuffer succeeded
audio-dsound D           dsound.cpp:508  _dsound_start_voice              [   0.57218] Starting _dsound_update thread
audio-dsound I           dsound.cpp:518  _dsound_start_voice              [   0.57221] Voice started
audio    D          kcm_mixer.c:121  _al_rechannel_matrix             [   0.57223] sample matrix:
audio    D          kcm_mixer.c:127  _al_rechannel_matrix             [   0.57224]  0.707107 0.000000
audio    D          kcm_mixer.c:127  _al_rechannel_matrix             [   0.57224]  0.000000 0.707107
audio    D          kcm_mixer.c:121  _al_rechannel_matrix             [   0.57225] sample matrix:
audio    D          kcm_mixer.c:127  _al_rechannel_matrix             [   0.57226]  0.070711 0.000000
audio    D          kcm_mixer.c:127  _al_rechannel_matrix             [   0.57227]  0.000000 0.070711
dtor     D               dtor.c:196  _al_register_destructor          [   0.57228] added dtor for queue 00000000029ff590, func 00007ffacb83c5dc
dtor     D               dtor.c:196  _al_register_destructor          [   0.57632] added dtor for timer 00000000029ff660, func 00007ffacb84fb3b
stdio    D         file_stdio.c:110  file_stdio_fopen                 [   0.57638] opening assets/image/icon.jpg rb
stdio    D         file_stdio.c:110  file_stdio_fopen                 [   0.57648] opening assets/image/icon.jpg rb
d3d      D         d3d_disp.cpp:1202 real_choose_bitmap_format        [   0.57654] Fake format
d3d      D         d3d_disp.cpp:1202 real_choose_bitmap_format        [   0.57655] Fake format
d3d      D         d3d_disp.cpp:1202 real_choose_bitmap_format        [   0.57656] Fake format
d3d      D         d3d_disp.cpp:1202 real_choose_bitmap_format        [   0.57656] Fake format
d3d      D         d3d_disp.cpp:1202 real_choose_bitmap_format        [   0.57657] Fake format
d3d      D         d3d_disp.cpp:1202 real_choose_bitmap_format        [   0.57658] Fake format
d3d      D         d3d_disp.cpp:1202 real_choose_bitmap_format        [   0.57658] Fake format
d3d      D         d3d_disp.cpp:1202 real_choose_bitmap_format        [   0.57659] Fake format
d3d      D         d3d_disp.cpp:1202 real_choose_bitmap_format        [   0.57659] Fake format
d3d      D         d3d_disp.cpp:1210 real_choose_bitmap_format        [   0.57660] Alpha doesn't match
d3d      D         d3d_disp.cpp:1217 real_choose_bitmap_format        [   0.57661] Adapter format is 23
d3d      D         d3d_disp.cpp:1220 real_choose_bitmap_format        [   0.57662] Found a format
d3d      I         d3d_disp.cpp:2391 d3d_create_bitmap                [   0.57663] Chose bitmap format 9
dtor     D               dtor.c:196  _al_register_destructor          [   0.57704] added dtor for bitmap 0000000002ab08a0, func 00007ffacb811bea
d3d      D         d3d_disp.cpp:1202 real_choose_bitmap_format        [   0.57784] Fake format
d3d      D         d3d_disp.cpp:1202 real_choose_bitmap_format        [   0.57785] Fake format
d3d      D         d3d_disp.cpp:1202 real_choose_bitmap_format        [   0.57786] Fake format
d3d      D         d3d_disp.cpp:1202 real_choose_bitmap_format        [   0.57787] Fake format
d3d      D         d3d_disp.cpp:1202 real_choose_bitmap_format        [   0.57787] Fake format
d3d      D         d3d_disp.cpp:1202 real_choose_bitmap_format        [   0.57788] Fake format
d3d      D         d3d_disp.cpp:1202 real_choose_bitmap_format        [   0.57789] Fake format
d3d      D         d3d_disp.cpp:1202 real_choose_bitmap_format        [   0.57789] Fake format
d3d      D         d3d_disp.cpp:1202 real_choose_bitmap_format        [   0.57790] Fake format
d3d      D         d3d_disp.cpp:1210 real_choose_bitmap_format        [   0.57791] Alpha doesn't match
d3d      D         d3d_disp.cpp:1217 real_choose_bitmap_format        [   0.57792] Adapter format is 23
d3d      D         d3d_disp.cpp:1220 real_choose_bitmap_format        [   0.57792] Found a format
d3d      I         d3d_disp.cpp:2391 d3d_create_bitmap                [   0.57793] Chose bitmap format 9
dtor     D               dtor.c:196  _al_register_destructor          [   0.57809] added dtor for bitmap 00000000029fae50, func 00007ffacb811bea
d3d      D          d3d_bmp.cpp:539  _al_d3d_sync_bitmap              [   0.57913] _al_d3d_sync_bitmap (system) ref count == 1
d3d      D          d3d_bmp.cpp:545  _al_d3d_sync_bitmap              [   0.57916] _al_d3d_sync_bitmap (video) ref count == 1
dtor     D               dtor.c:227  _al_unregister_destructor        [   0.58227] removed dtor for bitmap 00000000029fae50
d3d      D         d3d_disp.cpp:1202 real_choose_bitmap_format        [   0.58236] Fake format
d3d      D         d3d_disp.cpp:1202 real_choose_bitmap_format        [   0.58238] Fake format
d3d      D         d3d_disp.cpp:1202 real_choose_bitmap_format        [   0.58238] Fake format
d3d      D         d3d_disp.cpp:1202 real_choose_bitmap_format        [   0.58239] Fake format
d3d      D         d3d_disp.cpp:1202 real_choose_bitmap_format        [   0.58240] Fake format
d3d      D         d3d_disp.cpp:1202 real_choose_bitmap_format        [   0.58240] Fake format
d3d      D         d3d_disp.cpp:1202 real_choose_bitmap_format        [   0.58241] Fake format
d3d      D         d3d_disp.cpp:1202 real_choose_bitmap_format        [   0.58242] Fake format
d3d      D         d3d_disp.cpp:1202 real_choose_bitmap_format        [   0.58242] Fake format
d3d      D         d3d_disp.cpp:1210 real_choose_bitmap_format        [   0.58243] Alpha doesn't match
d3d      D         d3d_disp.cpp:1217 real_choose_bitmap_format        [   0.58244] Adapter format is 23
d3d      D         d3d_disp.cpp:1220 real_choose_bitmap_format        [   0.58245] Found a format
d3d      I         d3d_disp.cpp:2391 d3d_create_bitmap                [   0.58245] Chose bitmap format 9
dtor     D               dtor.c:196  _al_register_destructor          [   0.58261] added dtor for bitmap 00000000029fae50, func 00007ffacb811bea
d3d      D          d3d_bmp.cpp:539  _al_d3d_sync_bitmap              [   0.58481] _al_d3d_sync_bitmap (system) ref count == 1
d3d      D          d3d_bmp.cpp:545  _al_d3d_sync_bitmap              [   0.58483] _al_d3d_sync_bitmap (video) ref count == 1
dtor     D               dtor.c:227  _al_unregister_destructor        [   0.58599] removed dtor for bitmap 00000000029fae50
d3d      D          d3d_bmp.cpp:539  _al_d3d_sync_bitmap              [   0.60980] _al_d3d_sync_bitmap (system) ref count == 1
d3d      D          d3d_bmp.cpp:545  _al_d3d_sync_bitmap              [   0.60985] _al_d3d_sync_bitmap (video) ref count == 1
d3d      D          d3d_bmp.cpp:539  _al_d3d_sync_bitmap              [   0.61159] _al_d3d_sync_bitmap (system) ref count == 1
d3d      D          d3d_bmp.cpp:545  _al_d3d_sync_bitmap              [   0.61161] _al_d3d_sync_bitmap (video) ref count == 1
d3d      D          d3d_bmp.cpp:539  _al_d3d_sync_bitmap              [   0.61596] _al_d3d_sync_bitmap (system) ref count == 1
d3d      D          d3d_bmp.cpp:545  _al_d3d_sync_bitmap              [   0.61600] _al_d3d_sync_bitmap (video) ref count == 1
d3d      D          d3d_bmp.cpp:539  _al_d3d_sync_bitmap              [   0.61627] _al_d3d_sync_bitmap (system) ref count == 1
d3d      D          d3d_bmp.cpp:545  _al_d3d_sync_bitmap              [   0.61629] _al_d3d_sync_bitmap (video) ref count == 1
d3d      D          d3d_bmp.cpp:539  _al_d3d_sync_bitmap              [   0.61655] _al_d3d_sync_bitmap (system) ref count == 1
d3d      D          d3d_bmp.cpp:545  _al_d3d_sync_bitmap              [   0.61657] _al_d3d_sync_bitmap (video) ref count == 1
d3d      D          d3d_bmp.cpp:539  _al_d3d_sync_bitmap              [   0.61681] _al_d3d_sync_bitmap (system) ref count == 1
d3d      D          d3d_bmp.cpp:545  _al_d3d_sync_bitmap              [   0.61683] _al_d3d_sync_bitmap (video) ref count == 1
dtor     D               dtor.c:227  _al_unregister_destructor        [   2.88063] removed dtor for queue 00000000029ff590
d3d      I         d3d_disp.cpp:915  d3d_destroy_display              [   2.88070] destroying display 0000000000f8ccf0 (current 0000000000000000)
bitmap   D        bitmap_type.c:308  _al_convert_to_memory_bitmap     [   2.88593] converting display bitmap 0000000002ab08a0 to memory bitmap
dtor     D               dtor.c:196  _al_register_destructor          [   2.88600] added dtor for bitmap 0000000002ab0d40, func 00007ffacb811bea
d3d      D          d3d_bmp.cpp:539  _al_d3d_sync_bitmap              [   2.88604] _al_d3d_sync_bitmap (system) ref count == 1
d3d      D          d3d_bmp.cpp:545  _al_d3d_sync_bitmap              [   2.88606] _al_d3d_sync_bitmap (video) ref count == 1
dtor     D               dtor.c:227  _al_unregister_destructor        [   2.88658] removed dtor for bitmap 0000000002ab0d40
bitmap   D        bitmap_type.c:308  _al_convert_to_memory_bitmap     [   2.88677] converting display bitmap 00000000029fa940 to memory bitmap
dtor     D               dtor.c:196  _al_register_destructor          [   2.88679] added dtor for bitmap 0000000002ab0d40, func 00007ffacb811bea
d3d      D          d3d_bmp.cpp:539  _al_d3d_sync_bitmap              [   2.88681] _al_d3d_sync_bitmap (system) ref count == 1
d3d      D          d3d_bmp.cpp:545  _al_d3d_sync_bitmap              [   2.88682] _al_d3d_sync_bitmap (video) ref count == 1
dtor     D               dtor.c:227  _al_unregister_destructor        [   2.88723] removed dtor for bitmap 0000000002ab0d40
bitmap   D        bitmap_type.c:308  _al_convert_to_memory_bitmap     [   2.88736] converting display bitmap 00000000029fb8b0 to memory bitmap
dtor     D               dtor.c:196  _al_register_destructor          [   2.88738] added dtor for bitmap 0000000002ab0d40, func 00007ffacb811bea
d3d      D          d3d_bmp.cpp:539  _al_d3d_sync_bitmap              [   2.88739] _al_d3d_sync_bitmap (system) ref count == 1
d3d      D          d3d_bmp.cpp:545  _al_d3d_sync_bitmap              [   2.88740] _al_d3d_sync_bitmap (video) ref count == 1
dtor     D               dtor.c:227  _al_unregister_destructor        [   2.88783] removed dtor for bitmap 0000000002ab0d40
bitmap   D        bitmap_type.c:308  _al_convert_to_memory_bitmap     [   2.88795] converting display bitmap 00000000029fe490 to memory bitmap
dtor     D               dtor.c:196  _al_register_destructor          [   2.88796] added dtor for bitmap 0000000002ab0d40, func 00007ffacb811bea
d3d      D          d3d_bmp.cpp:539  _al_d3d_sync_bitmap              [   2.88798] _al_d3d_sync_bitmap (system) ref count == 1
d3d      D          d3d_bmp.cpp:545  _al_d3d_sync_bitmap              [   2.88799] _al_d3d_sync_bitmap (video) ref count == 1
dtor     D               dtor.c:227  _al_unregister_destructor        [   2.88841] removed dtor for bitmap 0000000002ab0d40
bitmap   D        bitmap_type.c:308  _al_convert_to_memory_bitmap     [   2.88855] converting display bitmap 00000000029ff830 to memory bitmap
dtor     D               dtor.c:196  _al_register_destructor          [   2.88857] added dtor for bitmap 0000000002ab0d40, func 00007ffacb811bea
d3d      D          d3d_bmp.cpp:539  _al_d3d_sync_bitmap              [   2.88859] _al_d3d_sync_bitmap (system) ref count == 1
d3d      D          d3d_bmp.cpp:545  _al_d3d_sync_bitmap              [   2.88860] _al_d3d_sync_bitmap (video) ref count == 1
dtor     D               dtor.c:227  _al_unregister_destructor        [   2.89251] removed dtor for bitmap 0000000002ab0d40
bitmap   D        bitmap_type.c:308  _al_convert_to_memory_bitmap     [   2.89304] converting display bitmap 00000000029ffaf0 to memory bitmap
dtor     D               dtor.c:196  _al_register_destructor          [   2.89306] added dtor for bitmap 0000000002ab0d40, func 00007ffacb811bea
d3d      D          d3d_bmp.cpp:539  _al_d3d_sync_bitmap              [   2.89307] _al_d3d_sync_bitmap (system) ref count == 1
d3d      D          d3d_bmp.cpp:545  _al_d3d_sync_bitmap              [   2.89308] _al_d3d_sync_bitmap (video) ref count == 1
dtor     D               dtor.c:227  _al_unregister_destructor        [   2.89513] removed dtor for bitmap 0000000002ab0d40
d3d      D         d3d_disp.cpp:899  d3d_destroy_display_internals    [   2.89535] waiting for display 0000000000f8ccf0's thread to end
d3d      W         d3d_disp.cpp:608  d3d_destroy_device               [   2.90900] d3d_destroy_device: ref count not 0
d3d      I         d3d_disp.cpp:1562 d3d_display_thread_proc          [   2.92015] d3d display thread exits
dtor     D               dtor.c:227  _al_unregister_destructor        [   2.92042] removed dtor for ttf_font 00000000029f2cc0
dtor     D               dtor.c:227  _al_unregister_destructor        [   2.92056] removed dtor for sample 00000000029f2ab0
dtor     D               dtor.c:227  _al_unregister_destructor        [   2.92195] removed dtor for sample_instance 00000000029fc720
dtor     D               dtor.c:116  _al_run_destructors              [   2.92203] calling dtor for bitmap 0000000002ab08a0, func 00007ffacb811bea
dtor     D               dtor.c:227  _al_unregister_destructor        [   2.92205] removed dtor for bitmap 0000000002ab08a0
dtor     D               dtor.c:116  _al_run_destructors              [   2.92219] calling dtor for timer 00000000029ff660, func 00007ffacb84fb3b
dtor     D               dtor.c:227  _al_unregister_destructor        [   2.92222] removed dtor for timer 00000000029ff660
dtor     D               dtor.c:116  _al_run_destructors              [   2.92224] calling dtor for bitmap 00000000029fa940, func 00007ffacb811bea
dtor     D               dtor.c:227  _al_unregister_destructor        [   2.92225] removed dtor for bitmap 00000000029fa940
dtor     D               dtor.c:116  _al_run_destructors              [   2.92226] calling dtor for bitmap 00000000029fb8b0, func 00007ffacb811bea
dtor     D               dtor.c:227  _al_unregister_destructor        [   2.92227] removed dtor for bitmap 00000000029fb8b0
dtor     D               dtor.c:116  _al_run_destructors              [   2.92241] calling dtor for bitmap 00000000029fe490, func 00007ffacb811bea
dtor     D               dtor.c:227  _al_unregister_destructor        [   2.92244] removed dtor for bitmap 00000000029fe490
dtor     D               dtor.c:116  _al_run_destructors              [   2.92245] calling dtor for bitmap 00000000029ff830, func 00007ffacb811bea
dtor     D               dtor.c:227  _al_unregister_destructor        [   2.92246] removed dtor for bitmap 00000000029ff830
dtor     D               dtor.c:116  _al_run_destructors              [   2.92283] calling dtor for bitmap 00000000029ffaf0, func 00007ffacb811bea
dtor     D               dtor.c:227  _al_unregister_destructor        [   2.92286] removed dtor for bitmap 00000000029ffaf0
dtor     D               dtor.c:227  _al_unregister_destructor        [   2.92302] removed dtor for sample_instance 00000000029fa660
dtor     D               dtor.c:227  _al_unregister_destructor        [   2.92304] removed dtor for sample_instance 00000000029fa780
dtor     D               dtor.c:227  _al_unregister_destructor        [   2.92305] removed dtor for sample_instance 00000000029fb1a0
dtor     D               dtor.c:227  _al_unregister_destructor        [   2.92306] removed dtor for sample_instance 00000000029fb2c0
dtor     D               dtor.c:227  _al_unregister_destructor        [   2.92307] removed dtor for sample_instance 00000000029faaf0
dtor     D               dtor.c:227  _al_unregister_destructor        [   2.92308] removed dtor for sample_instance 00000000029fac10
dtor     D               dtor.c:227  _al_unregister_destructor        [   2.92309] removed dtor for sample_instance 00000000029fad30
dtor     D               dtor.c:227  _al_unregister_destructor        [   2.92310] removed dtor for sample_instance 00000000029fb3e0
dtor     D               dtor.c:227  _al_unregister_destructor        [   2.92311] removed dtor for sample_instance 00000000029fb610
dtor     D               dtor.c:227  _al_unregister_destructor        [   2.92312] removed dtor for sample_instance 00000000029fb730
dtor     D               dtor.c:227  _al_unregister_destructor        [   2.92313] removed dtor for sample_instance 00000000029fe640
dtor     D               dtor.c:227  _al_unregister_destructor        [   2.92315] removed dtor for sample_instance 00000000029fe760
dtor     D               dtor.c:227  _al_unregister_destructor        [   2.92316] removed dtor for sample_instance 00000000029fc180
dtor     D               dtor.c:227  _al_unregister_destructor        [   2.92317] removed dtor for sample_instance 00000000029fc3c0
dtor     D               dtor.c:227  _al_unregister_destructor        [   2.92318] removed dtor for sample_instance 00000000029fc960
dtor     D               dtor.c:227  _al_unregister_destructor        [   2.92319] removed dtor for sample_instance 00000000029fc4e0
dtor     D               dtor.c:227  _al_unregister_destructor        [   2.92320] removed dtor for sample_instance 00000000029fc2a0
dtor     D               dtor.c:227  _al_unregister_destructor        [   2.92321] removed dtor for sample_instance 00000000029fc600
dtor     D               dtor.c:227  _al_unregister_destructor        [   2.92322] removed dtor for sample_instance 00000000029fbf40
dtor     D               dtor.c:227  _al_unregister_destructor        [   2.92323] removed dtor for sample_instance 00000000029fbbe0
dtor     D               dtor.c:227  _al_unregister_destructor        [   2.92324] removed dtor for mixer 00000000029fa420
audio-dsound D           dsound.cpp:528  _dsound_stop_voice               [   2.92325] Stopping voice
audio-dsound D           dsound.cpp:545  _dsound_stop_voice               [   2.92326] Joining thread
audio-dsound D           dsound.cpp:551  _dsound_stop_voice               [   2.92906] Joined thread
audio-dsound D           dsound.cpp:553  _dsound_stop_voice               [   2.92911] Destroying thread
audio-dsound D           dsound.cpp:555  _dsound_stop_voice               [   2.92912] Thread destroyed
audio-dsound D           dsound.cpp:562  _dsound_stop_voice               [   2.92913] Releasing buffer
audio-dsound I           dsound.cpp:566  _dsound_stop_voice               [   2.92914] Voice stopped
dtor     D               dtor.c:227  _al_unregister_destructor        [   2.92916] removed dtor for voice 0000000002a0b020
audio-dsound D           dsound.cpp:380  _dsound_deallocate_voice         [   2.92918] Deallocating voice
audio-dsound D           dsound.cpp:385  _dsound_deallocate_voice         [   2.92919] Deallocated voice
audio-dsound D           dsound.cpp:296  _dsound_close                    [   2.92920] Releasing device
audio-dsound D           dsound.cpp:298  _dsound_close                    [   2.93088] Released device
audio-dsound I           dsound.cpp:299  _dsound_close                    [   2.93095] DirectSound closed
